#
# There is insufficient memory for the Java Runtime Environment to continue.
# Native memory allocation (mmap) failed to map 266338304 bytes for G1 virtual space
# Possible reasons:
#   The system is out of physical RAM or swap space
#   The process is running with CompressedOops enabled, and the Java Heap may be blocking the growth of the native heap
# Possible solutions:
#   Reduce memory load on the system
#   Increase physical memory or swap space
#   Check if swap backing store is full
#   Decrease Java heap size (-Xmx/-Xms)
#   Decrease number of Java threads
#   Decrease Java thread stack sizes (-Xss)
#   Set larger code cache with -XX:ReservedCodeCacheSize=
#   JVM is running with Zero Based Compressed Oops mode in which the Java heap is
#     placed in the first 32GB address space. The Java Heap base address is the
#     maximum limit for the native heap growth. Please use -XX:HeapBaseMinAddress
#     to set the Java Heap base and to place the Java Heap above 32GB virtual address.
# This output file may be truncated or incomplete.
#
#  Out of Memory Error (os_windows.cpp:3550), pid=18140, tid=25456
#
# JRE version:  (17.0.6+9) (build )
# Java VM: Java HotSpot(TM) 64-Bit Server VM (17.0.6+9-LTS-190, mixed mode, sharing, tiered, compressed oops, compressed class ptrs, g1 gc, windows-amd64)
# No core dump will be written. Minidumps are not enabled by default on client versions of Windows
#

---------------  S U M M A R Y ------------

Command Line: -Dfile.encoding=UTF-8 -XX:+ShowCodeDetailsInExceptionMessages main.AccountWindow

Host: Intel(R) Core(TM) i7-10510U CPU @ 1.80GHz, 8 cores, 15G,  Windows 10 , 64 bit Build 19041 (10.0.19041.2546)
Time: Wed Apr  5 06:58:09 2023 Hora de verano romance elapsed time: 0.010642 seconds (0d 0h 0m 0s)

---------------  T H R E A D  ---------------

Current thread (0x0000016f325fe5e0):  JavaThread "Unknown thread" [_thread_in_vm, id=25456, stack(0x0000004d73c00000,0x0000004d73d00000)]

Stack: [0x0000004d73c00000,0x0000004d73d00000]
Native frames: (J=compiled Java code, j=interpreted, Vv=VM code, C=native code)
V  [jvm.dll+0x6734ea]
V  [jvm.dll+0x7d18f4]
V  [jvm.dll+0x7d309e]
V  [jvm.dll+0x7d3703]
V  [jvm.dll+0x2433c5]
V  [jvm.dll+0x6703f9]
V  [jvm.dll+0x664d32]
V  [jvm.dll+0x300086]
V  [jvm.dll+0x307606]
V  [jvm.dll+0x356c1e]
V  [jvm.dll+0x356e4f]
V  [jvm.dll+0x2d72e8]
V  [jvm.dll+0x2d8254]
V  [jvm.dll+0x7a33b1]
V  [jvm.dll+0x3647f1]
V  [jvm.dll+0x782839]
V  [jvm.dll+0x3e757f]
V  [jvm.dll+0x3e9001]
C  [jli.dll+0x5297]
C  [ucrtbase.dll+0x21bb2]
C  [KERNEL32.DLL+0x17614]
C  [ntdll.dll+0x526a1]


---------------  P R O C E S S  ---------------

Threads class SMR info:
_java_thread_list=0x00007ffeb8abe958, length=0, elements={
}

Java Threads: ( => current thread )

Other Threads:
  0x0000016f32668a20 GCTaskThread "GC Thread#0" [stack: 0x0000004d73d00000,0x0000004d73e00000] [id=27248]
  0x0000016f3267a6f0 ConcurrentGCThread "G1 Main Marker" [stack: 0x0000004d73e00000,0x0000004d73f00000] [id=17776]
  0x0000016f3267c8b0 ConcurrentGCThread "G1 Conc#0" [stack: 0x0000004d73f00000,0x0000004d74000000] [id=28744]

[error occurred during error reporting (printing all threads), id 0xc0000005, EXCEPTION_ACCESS_VIOLATION (0xc0000005) at pc=0x00007ffeb82f7f07]

VM state: not at safepoint (not fully initialized)

VM Mutex/Monitor currently owned by a thread:  ([mutex/lock_event])
[0x0000016f325fa2c0] Heap_lock - owner thread: 0x0000016f325fe5e0

Heap address: 0x0000000702800000, size: 4056 MB, Compressed Oops mode: Zero based, Oop shift amount: 3

CDS archive(s) mapped at: [0x0000000000000000-0x0000000000000000-0x0000000000000000), size 0, SharedBaseAddress: 0x0000000800000000, ArchiveRelocationMode: 0.
Narrow klass base: 0x0000000000000000, Narrow klass shift: 0, Narrow klass range: 0x0

GC Precious Log:
<Empty>

Heap:
 garbage-first heap   total 0K, used 0K [0x0000000702800000, 0x0000000800000000)
  region size 2048K, 0 young (0K), 0 survivors (0K)

[error occurred during error reporting (printing heap information), id 0xc0000005, EXCEPTION_ACCESS_VIOLATION (0xc0000005) at pc=0x00007ffeb86dc759]

GC Heap History (0 events):
No events

Deoptimization events (0 events):
No events

Classes unloaded (0 events):
No events

Classes redefined (0 events):
No events

Internal exceptions (0 events):
No events

VM Operations (0 events):
No events

Events (1 events):
Event: 0.006 Loaded shared library C:\Program Files\Java\jdk-17\bin\java.dll


Dynamic libraries:
0x00007ff6eb290000 - 0x00007ff6eb2a0000 	C:\Program Files\Java\jdk-17\bin\javaw.exe
0x00007ffefd390000 - 0x00007ffefd588000 	C:\WINDOWS\SYSTEM32\ntdll.dll
0x00007ffefc040000 - 0x00007ffefc0ff000 	C:\WINDOWS\System32\KERNEL32.DLL
0x00007ffefaf60000 - 0x00007ffefb232000 	C:\WINDOWS\System32\KERNELBASE.dll
0x00007ffefabb0000 - 0x00007ffefacb0000 	C:\WINDOWS\System32\ucrtbase.dll
0x00007ffef2ba0000 - 0x00007ffef2bbb000 	C:\Program Files\Java\jdk-17\bin\VCRUNTIME140.dll
0x00007ffef2d60000 - 0x00007ffef2d78000 	C:\Program Files\Java\jdk-17\bin\jli.dll
0x00007ffefbd40000 - 0x00007ffefbdee000 	C:\WINDOWS\System32\ADVAPI32.dll
0x00007ffefbfa0000 - 0x00007ffefc03e000 	C:\WINDOWS\System32\msvcrt.dll
0x00007ffefc600000 - 0x00007ffefc69c000 	C:\WINDOWS\System32\sechost.dll
0x00007ffefcfc0000 - 0x00007ffefd0e4000 	C:\WINDOWS\System32\RPCRT4.dll
0x00007ffefd0f0000 - 0x00007ffefd291000 	C:\WINDOWS\System32\USER32.dll
0x00007ffefab80000 - 0x00007ffefaba2000 	C:\WINDOWS\System32\win32u.dll
0x00007ffed85b0000 - 0x00007ffed884a000 	C:\WINDOWS\WinSxS\amd64_microsoft.windows.common-controls_6595b64144ccf1df_6.0.19041.1110_none_60b5254171f9507e\COMCTL32.dll
0x00007ffefc1e0000 - 0x00007ffefc20b000 	C:\WINDOWS\System32\GDI32.dll
0x00007ffefb2d0000 - 0x00007ffefb3df000 	C:\WINDOWS\System32\gdi32full.dll
0x00007ffefaae0000 - 0x00007ffefab7d000 	C:\WINDOWS\System32\msvcp_win.dll
0x00007ffef3d50000 - 0x00007ffef3d5a000 	C:\WINDOWS\SYSTEM32\VERSION.dll
0x00007ffefd320000 - 0x00007ffefd350000 	C:\WINDOWS\System32\IMM32.DLL
0x00007ffef65b0000 - 0x00007ffef65bc000 	C:\Program Files\Java\jdk-17\bin\vcruntime140_1.dll
0x00007ffed41f0000 - 0x00007ffed427e000 	C:\Program Files\Java\jdk-17\bin\msvcp140.dll
0x00007ffeb8010000 - 0x00007ffeb8be7000 	C:\Program Files\Java\jdk-17\bin\server\jvm.dll
0x00007ffefc3c0000 - 0x00007ffefc3c8000 	C:\WINDOWS\System32\PSAPI.DLL
0x00007ffed9ce0000 - 0x00007ffed9ce9000 	C:\WINDOWS\SYSTEM32\WSOCK32.dll
0x00007ffedb210000 - 0x00007ffedb237000 	C:\WINDOWS\SYSTEM32\WINMM.dll
0x00007ffefc590000 - 0x00007ffefc5fb000 	C:\WINDOWS\System32\WS2_32.dll
0x00007ffef8910000 - 0x00007ffef8922000 	C:\WINDOWS\SYSTEM32\kernel.appcore.dll
0x00007ffef5810000 - 0x00007ffef581a000 	C:\Program Files\Java\jdk-17\bin\jimage.dll
0x00007ffee5660000 - 0x00007ffee5844000 	C:\WINDOWS\SYSTEM32\DBGHELP.DLL
0x00007ffed9730000 - 0x00007ffed9765000 	C:\WINDOWS\SYSTEM32\dbgcore.DLL
0x00007ffefb240000 - 0x00007ffefb2c2000 	C:\WINDOWS\System32\bcryptPrimitives.dll
0x00007ffed31d0000 - 0x00007ffed31f5000 	C:\Program Files\Java\jdk-17\bin\java.dll

dbghelp: loaded successfully - version: 4.0.5 - missing functions: none
symbol engine: initialized successfully - sym options: 0x614 - pdb path: .;C:\Program Files\Java\jdk-17\bin;C:\WINDOWS\SYSTEM32;C:\WINDOWS\WinSxS\amd64_microsoft.windows.common-controls_6595b64144ccf1df_6.0.19041.1110_none_60b5254171f9507e;C:\Program Files\Java\jdk-17\bin\server

VM Arguments:
jvm_args: -Dfile.encoding=UTF-8 -XX:+ShowCodeDetailsInExceptionMessages 
java_command: main.AccountWindow
java_class_path (initial): C:\Users\aga\git\Prueba_UD3_enunciado\bin;C:\Hibernate\antlr-2.7.7.jar;C:\Hibernate\byte-buddy-1.12.7.jar;C:\Hibernate\classmate-1.5.1.jar;C:\Hibernate\FastInfoset-1.2.15.jar;C:\Hibernate\hibernate-commons-annotations-5.1.2.Final.jar;C:\Hibernate\hibernate-core-5.6.5.Final.jar;C:\Hibernate\istack-commons-runtime-3.0.7.jar;C:\Hibernate\jandex-2.4.2.Final.jar;C:\Hibernate\javax.activation-api-1.2.0.jar;C:\Hibernate\javax.persistence-api-2.2.jar;C:\Hibernate\jaxb-api-2.3.1.jar;C:\Hibernate\jaxb-runtime-2.3.1.jar;C:\Hibernate\jboss-logging-3.4.3.Final.jar;C:\Hibernate\jboss-transaction-api_1.2_spec-1.1.1.Final.jar;C:\Hibernate\mssql-jdbc-11.2.1.jre17.jar;C:\Hibernate\stax-ex-1.8.jar;C:\Hibernate\txw2-2.3.1.jar
Launcher Type: SUN_STANDARD

[Global flags]
     intx CICompilerCount                          = 4                                         {product} {ergonomic}
     uint ConcGCThreads                            = 2                                         {product} {ergonomic}
     uint G1ConcRefinementThreads                  = 8                                         {product} {ergonomic}
   size_t G1HeapRegionSize                         = 2097152                                   {product} {ergonomic}
    uintx GCDrainStackTargetSize                   = 64                                        {product} {ergonomic}
   size_t InitialHeapSize                          = 266338304                                 {product} {ergonomic}
   size_t MarkStackSize                            = 4194304                                   {product} {ergonomic}
   size_t MaxHeapSize                              = 4253024256                                {product} {ergonomic}
   size_t MinHeapDeltaBytes                        = 2097152                                   {product} {ergonomic}
   size_t MinHeapSize                              = 8388608                                   {product} {ergonomic}
    uintx NonNMethodCodeHeapSize                   = 5839372                                {pd product} {ergonomic}
    uintx NonProfiledCodeHeapSize                  = 122909434                              {pd product} {ergonomic}
    uintx ProfiledCodeHeapSize                     = 122909434                              {pd product} {ergonomic}
    uintx ReservedCodeCacheSize                    = 251658240                              {pd product} {ergonomic}
     bool SegmentedCodeCache                       = true                                      {product} {ergonomic}
     bool ShowCodeDetailsInExceptionMessages       = true                                   {manageable} {command line}
   size_t SoftMaxHeapSize                          = 4253024256                             {manageable} {ergonomic}
     bool UseCompressedClassPointers               = true                           {product lp64_product} {ergonomic}
     bool UseCompressedOops                        = true                           {product lp64_product} {ergonomic}
     bool UseG1GC                                  = true                                      {product} {ergonomic}
     bool UseLargePagesIndividualAllocation        = false                                  {pd product} {ergonomic}

Logging:
Log output configuration:
 #0: stdout all=warning uptime,level,tags
 #1: stderr all=off uptime,level,tags

Environment Variables:
JAVA_HOME=C:\Program Files\Java\jdk1.8.0_333
PATH=C:\Program Files\Common Files\Oracle\Java\javapath;C:\Program Files (x86)\Common Files\Oracle\Java\javapath;C:\WINDOWS\system32;C:\WINDOWS;C:\WINDOWS\System32\Wbem;C:\WINDOWS\System32\WindowsPowerShell\v1.0\;C:\WINDOWS\System32\OpenSSH\;C:\Program Files\Intel\WiFi\bin\;C:\Program Files\Common Files\Intel\WirelessCommon\;C:\Program Files (x86)\Calibre2\;C:\Program Files\Git\cmd;C:\Program Files\Microsoft SQL Server\Client SDK\ODBC\170\Tools\Binn\;C:\Program Files (x86)\Microsoft SQL Server\150\Tools\Binn\;C:\Program Files\Microsoft SQL Server\150\Tools\Binn\;C:\Program Files\Microsoft SQL Server\150\DTS\Binn\;C:\Program Files (x86)\Microsoft SQL Server\160\DTS\Binn\;C:\Program Files\Azure Data Studio\bin;C:\Program Files\Java\jdk1.8.0_333\bin;C:\Users\aga\AppData\Local\Programs\Microsoft VS Code\bin;C:\Users\aga\AppData\Local\atom\bin;C:\Program Files\Azure Data Studio\bin
USERNAME=aga
OS=Windows_NT
PROCESSOR_IDENTIFIER=Intel64 Family 6 Model 142 Stepping 12, GenuineIntel



---------------  S Y S T E M  ---------------

OS:
 Windows 10 , 64 bit Build 19041 (10.0.19041.2546)
OS uptime: 8 days 1:36 hours
Hyper-V role detected

CPU: total 8 (initial active 8) (4 cores per cpu, 2 threads per core) family 6 model 142 stepping 12 microcode 0xbe, cx8, cmov, fxsr, ht, mmx, 3dnowpref, sse, sse2, sse3, ssse3, sse4.1, sse4.2, popcnt, lzcnt, tsc, tscinvbit, avx, avx2, aes, erms, clmul, bmi1, bmi2, adx, fma, vzeroupper, clflush, clflushopt, hv

Memory: 4k page, system-wide physical 16221M (4243M free)
TotalPageFile size 41240M (AvailPageFile size 253M)
current process WorkingSet (physical memory assigned to process): 10M, peak: 10M
current process commit charge ("private bytes"): 60M, peak: 314M

vm_info: Java HotSpot(TM) 64-Bit Server VM (17.0.6+9-LTS-190) for windows-amd64 JRE (17.0.6+9-LTS-190), built on Dec  6 2022 15:53:54 by "mach5one" with MS VC++ 17.1 (VS2022)

END.
